<?xml version="1.0" encoding="UTF-8"?>
<!-- Generated by org.testng.reporters.JUnitReportReporter -->
<testsuite hostname="SharmiF" failures="0" tests="1" name="organization.Tc_VT_002_CreateOrganization_Test" time="18.850" errors="0" timestamp="2025-10-16T22:04:48 IST" skipped="0">
  <testcase classname="organization.Tc_VT_002_CreateOrganization_Test" name="createOrganization" time="18.850"/>
</testsuite> <!-- organization.Tc_VT_002_CreateOrganization_Test -->
