<?xml version="1.0" encoding="UTF-8"?>
<!-- Generated by org.testng.reporters.JUnitReportReporter -->
<testsuite hostname="SharmiF" failures="0" tests="1" name="contacts.TC_VT_001_Test" time="18.056" errors="0" timestamp="2025-10-16T11:58:02 IST" skipped="0">
  <testcase classname="contacts.TC_VT_001_Test" name="clickOnContacts" time="18.056"/>
</testsuite> <!-- contacts.TC_VT_001_Test -->
