<?xml version="1.0" encoding="UTF-8"?>
<!-- Generated by org.testng.reporters.JUnitReportReporter -->
<testsuite hostname="SharmiF" failures="0" tests="1" name="organization.TC_VT_001_Test" time="19.067" errors="0" timestamp="2025-10-16T12:07:17 IST" skipped="0">
  <testcase classname="organization.TC_VT_001_Test" name="clickOnOrganization" time="19.067"/>
</testsuite> <!-- organization.TC_VT_001_Test -->
