<?xml version="1.0" encoding="UTF-8"?>
<!-- Generated by org.testng.reporters.JUnitReportReporter -->
<testsuite hostname="SharmiF" failures="0" tests="1" name="contacts.TC_VT_002_CreateContacts_Test" time="26.927" errors="0" timestamp="2025-10-16T13:11:09 IST" skipped="0">
  <testcase classname="contacts.TC_VT_002_CreateContacts_Test" name="createContact" time="26.927"/>
</testsuite> <!-- contacts.TC_VT_002_CreateContacts_Test -->
